<?xml version="1.0" encoding="UTF-8"?>
<!-- Generated by org.testng.reporters.JUnitXMLReporter -->
<testsuite ignored="0" hostname="DESKTOP-L0MN3TA" failures="1" tests="3" name="hompagetestcase" time="10.664" errors="0" timestamp="2025-02-07T19:30:14 IST">
  <testcase classname="com.crm.testcases.homepage_testcase" name="verifyurl" time="0.023">
    <failure type="java.lang.AssertionError" message="does not match expected [https://automationplayground.com/crm/] but found [Customer Service]">
      <![CDATA[java.lang.AssertionError: does not match expected [https://automationplayground.com/crm/] but found [Customer Service]
at com.crm.testcases.homepage_testcase.verifyurl(homepage_testcase.java:15)
at java.base/java.util.ArrayList.forEach(ArrayList.java:1511)
... Removed 30 stack frames]]>
    </failure>
  </testcase> <!-- verifyurl -->
  <testcase classname="com.crm.testcases.homepage_testcase" name="verifytitle" time="0.006"/>
  <testcase classname="com.crm.testcases.homepage_testcase" name="verifysignlink" time="2.3"/>
</testsuite> <!-- hompagetestcase -->
